<?xml version="1.0" encoding="UTF-8"?>
<!-- Generated by org.testng.reporters.JUnitReportReporter -->
<testsuite hostname="LAPTOP-C4GO84FG" failures="0" tests="2" name="com.TestNG.pckg.TestNGFeatures" time="0.200" errors="0" timestamp="18 May 2019 19:30:04 GMT" skipped="0">
  <testcase classname="com.TestNG.pckg.TestNGFeatures" name="test2" time="0.121"/>
  <testcase classname="com.TestNG.pckg.TestNGFeatures" name="test1" time="0.079"/>
</testsuite> <!-- com.TestNG.pckg.TestNGFeatures -->
