<?xml version="1.0" encoding="UTF-8"?>
<!-- Generated by org.testng.reporters.JUnitReportReporter -->
<testsuite hostname="LAPTOP-C4GO84FG" failures="0" tests="5" name="com.TestNG.pckg.InvocationCount" time="0.202" errors="0" timestamp="18 May 2019 19:30:04 GMT" skipped="0">
  <testcase classname="com.TestNG.pckg.InvocationCount" name="sum" time="0.089"/>
  <testcase classname="com.TestNG.pckg.InvocationCount" name="sum" time="0.000"/>
  <testcase classname="com.TestNG.pckg.InvocationCount" name="sum" time="0.021"/>
  <testcase classname="com.TestNG.pckg.InvocationCount" name="sum" time="0.092"/>
  <testcase classname="com.TestNG.pckg.InvocationCount" name="sum" time="0.000"/>
</testsuite> <!-- com.TestNG.pckg.InvocationCount -->
