<?xml version="1.0" encoding="UTF-8"?>
<!-- Generated by org.testng.reporters.JUnitReportReporter -->
<testsuite hostname="LAPTOP-C4GO84FG" failures="0" tests="3" name="com.TestNG.pckg.TestNGBasics2" time="0.864" errors="0" timestamp="18 May 2019 19:30:04 GMT" skipped="0">
  <testcase classname="com.TestNG.pckg.TestNGBasics2" name="googleTitleTest" time="0.211"/>
  <testcase classname="com.TestNG.pckg.TestNGBasics2" name="googleSearchTest" time="0.430"/>
  <testcase classname="com.TestNG.pckg.TestNGBasics2" name="googleLogoTest" time="0.223"/>
</testsuite> <!-- com.TestNG.pckg.TestNGBasics2 -->
