<?xml version="1.0" encoding="UTF-8"?>
<!-- Generated by org.testng.reporters.JUnitReportReporter -->
<testsuite hostname="LAPTOP-C4GO84FG" failures="0" tests="1" name="com.wordpress.Pages.WordPressLogIntest" time="12.699" errors="0" timestamp="21 May 2019 19:43:36 GMT" skipped="0">
  <testcase classname="com.wordpress.Pages.WordPressLogIntest" name="checkValidUser" time="12.699"/>
</testsuite> <!-- com.wordpress.Pages.WordPressLogIntest -->
